2025-05-22 18:23:20,290 [INFO] Activator:176 - 


2025-05-22 18:23:20,292 [INFO] Activator:177 - !SESSION log4j initialized
2025-05-22 18:23:23,733 [INFO] LogOutputStream:77 - [STDOUT_REDIRECT] 
2025-05-22 18:23:25,639 [INFO] ApplicationProperties:184 - Using Application install path: C:\Program Files\ST\STM32CubeIDE_1.13.2\STM32CubeIDE\plugins\com.st.stm32cube.common.mx_6.9.2.202309101412
2025-05-22 18:23:25,666 [INFO] DbMcusXml:78 - Set database path to: C:\Program Files\ST\STM32CubeIDE_1.13.2\STM32CubeIDE\plugins\com.st.stm32cube.common.mx_6.9.2.202309101412\\db\/mcu/
2025-05-22 18:23:25,667 [INFO] ApiDb:274 - Set plugin database path to: C:\Program Files\ST\STM32CubeIDE_1.13.2\STM32CubeIDE\plugins\com.st.stm32cube.common.mx_6.9.2.202309101412\\db\/plugins/boardmanager/
2025-05-22 18:23:25,668 [WARN] ApiDb:259 - Overriding images path with different value:  => C:\Program Files\ST\STM32CubeIDE_1.13.2\STM32CubeIDE\plugins\com.st.stm32cube.common.mx_6.9.2.202309101412\\db\/plugins/mcufinder/images/
2025-05-22 18:23:25,687 [INFO] ApiDb:250 - Set database path to: C:\Users\Bowen\.stmcufinder\plugins\mcufinder//mcu/
2025-05-22 18:23:25,688 [INFO] DbMcusAds:125 - Set database path to: C:\Users\Bowen\.stmcufinder\plugins\mcufinder//mcu/
2025-05-22 18:23:25,690 [INFO] CrossReferenceDbSqlite:203 - Set database path to: C:\Users\Bowen\.stmcufinder\plugins\mcufinder//mcu/cs/
2025-05-22 18:23:25,813 [INFO] RulesReader:64 - Compatibility file has been processed (293 Rules)
2025-05-22 18:23:25,984 [INFO] DbMcusXml:78 - Set database path to: C:\Program Files\ST\STM32CubeIDE_1.13.2\STM32CubeIDE\plugins\com.st.stm32cube.common.mx_6.9.2.202309101412\\db\/mcu/
2025-05-22 18:23:25,985 [INFO] ApiDb:274 - Set plugin database path to: C:\Program Files\ST\STM32CubeIDE_1.13.2\STM32CubeIDE\plugins\com.st.stm32cube.common.mx_6.9.2.202309101412\\db\/plugins/boardmanager/
2025-05-22 18:23:25,985 [INFO] ApiDb:261 - Set plugin images path to: C:\Program Files\ST\STM32CubeIDE_1.13.2\STM32CubeIDE\plugins\com.st.stm32cube.common.mx_6.9.2.202309101412\\db\/plugins/mcufinder/images/
2025-05-22 18:23:25,985 [WARN] DbFile:41 - Overriding database path with different value: C:\Users\Bowen\.stmcufinder\plugins\mcufinder/ => C:\Users\Bowen\.stmcufinder\plugins\mcufinder
2025-05-22 18:23:25,985 [INFO] ApiDb:250 - Set database path to: C:\Users\Bowen\.stmcufinder\plugins\mcufinder//mcu/
2025-05-22 18:23:25,985 [WARN] DbFile:41 - Overriding database path with different value: C:\Users\Bowen\.stmcufinder\plugins\mcufinder/ => C:\Users\Bowen\.stmcufinder\plugins\mcufinder
2025-05-22 18:23:25,985 [INFO] DbMcusAds:125 - Set database path to: C:\Users\Bowen\.stmcufinder\plugins\mcufinder//mcu/
2025-05-22 18:23:25,985 [WARN] DbFile:41 - Overriding database path with different value: C:\Users\Bowen\.stmcufinder\plugins\mcufinder/ => C:\Users\Bowen\.stmcufinder\plugins\mcufinder
2025-05-22 18:23:25,986 [WARN] DbFile:41 - Overriding database path with different value: C:\Users\Bowen\.stmcufinder\plugins\mcufinder/ => C:\Users\Bowen\.stmcufinder\plugins\mcufinder
2025-05-22 18:23:25,986 [INFO] CrossReferenceDbSqlite:203 - Set database path to: C:\Users\Bowen\.stmcufinder\plugins\mcufinder//mcu/cs/
2025-05-22 18:23:26,125 [INFO] MainPanel:262 - HeapMemory: 268435456
2025-05-22 18:23:26,258 [INFO] DbMcusXml:78 - Set database path to: C:\Program Files\ST\STM32CubeIDE_1.13.2\STM32CubeIDE\plugins\com.st.stm32cube.common.mx_6.9.2.202309101412\\db\/mcu/
2025-05-22 18:23:26,259 [INFO] ApiDb:274 - Set plugin database path to: C:\Program Files\ST\STM32CubeIDE_1.13.2\STM32CubeIDE\plugins\com.st.stm32cube.common.mx_6.9.2.202309101412\\db\/plugins/boardmanager/
2025-05-22 18:23:26,259 [INFO] ApiDb:261 - Set plugin images path to: C:\Program Files\ST\STM32CubeIDE_1.13.2\STM32CubeIDE\plugins\com.st.stm32cube.common.mx_6.9.2.202309101412\\db\/plugins/mcufinder/images/
2025-05-22 18:23:26,259 [WARN] DbFile:41 - Overriding database path with different value: C:\Users\Bowen\.stmcufinder\plugins\mcufinder/ => C:\Users\Bowen\.stmcufinder\plugins\mcufinder
2025-05-22 18:23:26,260 [INFO] ApiDb:250 - Set database path to: C:\Users\Bowen\.stmcufinder\plugins\mcufinder//mcu/
2025-05-22 18:23:26,260 [WARN] DbFile:41 - Overriding database path with different value: C:\Users\Bowen\.stmcufinder\plugins\mcufinder/ => C:\Users\Bowen\.stmcufinder\plugins\mcufinder
2025-05-22 18:23:26,260 [INFO] DbMcusAds:125 - Set database path to: C:\Users\Bowen\.stmcufinder\plugins\mcufinder//mcu/
2025-05-22 18:23:26,260 [WARN] DbFile:41 - Overriding database path with different value: C:\Users\Bowen\.stmcufinder\plugins\mcufinder/ => C:\Users\Bowen\.stmcufinder\plugins\mcufinder
2025-05-22 18:23:26,260 [WARN] DbFile:41 - Overriding database path with different value: C:\Users\Bowen\.stmcufinder\plugins\mcufinder/ => C:\Users\Bowen\.stmcufinder\plugins\mcufinder
2025-05-22 18:23:26,260 [INFO] CrossReferenceDbSqlite:203 - Set database path to: C:\Users\Bowen\.stmcufinder\plugins\mcufinder//mcu/cs/
2025-05-22 18:23:26,290 [INFO] ApplicationProperties:184 - Using Application install path: C:\Program Files\ST\STM32CubeIDE_1.13.2\STM32CubeIDE\plugins\com.st.stm32cube.common.mx_6.9.2.202309101412
2025-05-22 18:23:26,291 [INFO] PluginManage:196 - Search for loadable plugins [exclusion list=, ]
2025-05-22 18:23:26,293 [INFO] PluginManage:310 - Check plugin analytics
2025-05-22 18:23:26,453 [INFO] AnalyticsPlugin:253 - Accepted Software Licenses: 
2025-05-22 18:23:26,453 [INFO] AnalyticsPlugin:255 - Accepted CMSIS Pack Licenses: 
2025-05-22 18:23:26,453 [INFO] AnalyticsPlugin:257 - Accepted Firmware Licenses: FW.F4.1.27.0,FW.F7.1.17.0
2025-05-22 18:23:26,456 [INFO] PluginManage:359 - Loaded plugin analytics (category:tool,tabindex:-1)
2025-05-22 18:23:26,456 [INFO] PluginManage:310 - Check plugin cadmodel
2025-05-22 18:23:26,498 [INFO] CADModel:105 - Init CAD model plugin
2025-05-22 18:23:26,498 [INFO] PluginManage:359 - Loaded plugin cadmodel (category:power,tabindex:5)
2025-05-22 18:23:26,498 [INFO] PluginManage:310 - Check plugin clock
2025-05-22 18:23:26,563 [INFO] PluginManage:359 - Loaded plugin clock (category:base,tabindex:2)
2025-05-22 18:23:26,564 [INFO] PluginManage:310 - Check plugin ddr
2025-05-22 18:23:26,568 [INFO] PluginManage:359 - Loaded plugin ddr (category:tool,tabindex:6)
2025-05-22 18:23:26,568 [INFO] PluginManage:310 - Check plugin filemanager
2025-05-22 18:23:26,745 [INFO] PluginManage:359 - Loaded plugin filemanager (category:base,tabindex:10)
2025-05-22 18:23:26,745 [INFO] PluginManage:310 - Check plugin ipmanager
2025-05-22 18:23:26,755 [INFO] PluginManage:359 - Loaded plugin ipmanager (category:base,tabindex:5)
2025-05-22 18:23:26,756 [INFO] PluginManage:310 - Check plugin lpbam
2025-05-22 18:23:26,800 [INFO] PluginManage:359 - Loaded plugin lpbam (category:base,tabindex:0)
2025-05-22 18:23:26,800 [INFO] PluginManage:310 - Check plugin memorymap
2025-05-22 18:23:26,850 [INFO] PluginManage:359 - Loaded plugin memorymap (category:base,tabindex:4)
2025-05-22 18:23:26,850 [INFO] PluginManage:310 - Check plugin pinoutandconfiguration
2025-05-22 18:23:26,926 [INFO] PluginManage:359 - Loaded plugin pinoutandconfiguration (category:base,tabindex:1)
2025-05-22 18:23:26,927 [INFO] PluginManage:310 - Check plugin pinoutconfig
2025-05-22 18:23:27,106 [WARN] SupportedApi:132 - Cannot load RTOS API schema: s4s-elt-must-match.1: The content of 'definitions' must match (annotation?, (simpleType | complexType)?, (unique | key | keyref)*)). A problem was found starting at: attribute.
2025-05-22 18:23:27,424 [INFO] PluginManage:359 - Loaded plugin pinoutconfig (category:base,tabindex:0)
2025-05-22 18:23:27,425 [INFO] PluginManage:310 - Check plugin power
2025-05-22 18:23:27,527 [INFO] PluginManage:359 - Loaded plugin power (category:power,tabindex:4)
2025-05-22 18:23:27,527 [INFO] PluginManage:310 - Check plugin projectmanager
2025-05-22 18:23:27,563 [INFO] PluginManage:359 - Loaded plugin projectmanager (category:projectmanager,tabindex:3)
2025-05-22 18:23:27,563 [INFO] PluginManage:310 - Check plugin thirdparty
2025-05-22 18:23:27,915 [INFO] PluginManage:359 - Loaded plugin thirdparty (category:base,tabindex:-1)
2025-05-22 18:23:27,915 [WARN] IntegrityCheckThread:84 - waiting for thirdparty lock release [integrity check]
2025-05-22 18:23:27,915 [INFO] PluginManage:310 - Check plugin tools
2025-05-22 18:23:27,916 [INFO] IntegrityCheckThread:86 - entering critical section [integrity check]
2025-05-22 18:23:27,916 [INFO] ThirdPartyUpdaterWithRetryManager:70 - Updater plugin not ready yet. [1/15]
2025-05-22 18:23:27,924 [INFO] PluginManage:359 - Loaded plugin tools (category:base,tabindex:7)
2025-05-22 18:23:27,925 [INFO] PluginManage:310 - Check plugin tutovideos
2025-05-22 18:23:28,209 [INFO] PluginManage:359 - Loaded plugin tutovideos (category:base,tabindex:-1)
2025-05-22 18:23:28,210 [INFO] PluginManage:310 - Check plugin updater
2025-05-22 18:23:28,225 [INFO] PluginManage:359 - Loaded plugin updater (category:base,tabindex:12)
2025-05-22 18:23:28,225 [INFO] PluginManage:310 - Check plugin userauth
2025-05-22 18:23:28,231 [INFO] UserAuth:113 - Init User Auth plugin
2025-05-22 18:23:28,231 [INFO] PluginManage:359 - Loaded plugin userauth (category:base,tabindex:14)
2025-05-22 18:23:28,231 [INFO] PluginManage:283 - PluginManage : Loaded plugins [17]
2025-05-22 18:23:28,541 [INFO] PinOutPanel:1499 - setPackage(No Configuration,No Configuration)
2025-05-22 18:23:28,700 [INFO] CADModel:165 - CPN selected for project level
2025-05-22 18:23:28,700 [INFO] CADModel:114 - Register for checkConnection events
2025-05-22 18:23:28,734 [INFO] IPUIPlugin:80 - create IPUIPlugin
2025-05-22 18:23:28,734 [INFO] PluginManager:220 - loadIPPluginJar : add adc
2025-05-22 18:23:28,744 [INFO] IPUIPlugin:80 - create IPUIPlugin
2025-05-22 18:23:28,744 [INFO] PluginManager:220 - loadIPPluginJar : add aes
2025-05-22 18:23:28,754 [INFO] IPUIPlugin:80 - create IPUIPlugin
2025-05-22 18:23:28,755 [INFO] PluginManager:220 - loadIPPluginJar : add can
2025-05-22 18:23:28,762 [INFO] IPUIPlugin:80 - create IPUIPlugin
2025-05-22 18:23:28,762 [INFO] PluginManager:220 - loadIPPluginJar : add comp
2025-05-22 18:23:28,771 [INFO] IPUIPlugin:80 - create IPUIPlugin
2025-05-22 18:23:28,771 [INFO] PluginManager:220 - loadIPPluginJar : add cryp
2025-05-22 18:23:28,778 [INFO] IPUIPlugin:80 - create IPUIPlugin
2025-05-22 18:23:28,778 [INFO] PluginManager:220 - loadIPPluginJar : add dfsdm
2025-05-22 18:23:28,795 [INFO] IPUIPlugin:80 - create IPUIPlugin
2025-05-22 18:23:28,796 [INFO] PluginManager:220 - loadIPPluginJar : add dma
2025-05-22 18:23:28,804 [INFO] IPUIPlugin:80 - create IPUIPlugin
2025-05-22 18:23:28,804 [INFO] PluginManager:220 - loadIPPluginJar : add dma3
2025-05-22 18:23:28,810 [INFO] IPUIPlugin:80 - create IPUIPlugin
2025-05-22 18:23:28,810 [INFO] PluginManager:220 - loadIPPluginJar : add fatfs
2025-05-22 18:23:28,821 [INFO] IPUIPlugin:80 - create IPUIPlugin
2025-05-22 18:23:28,821 [INFO] PluginManager:220 - loadIPPluginJar : add fmc
2025-05-22 18:23:28,874 [INFO] IPUIPlugin:80 - create IPUIPlugin
2025-05-22 18:23:28,874 [INFO] PluginManager:220 - loadIPPluginJar : add freertos
2025-05-22 18:23:28,881 [INFO] IPUIPlugin:80 - create IPUIPlugin
2025-05-22 18:23:28,882 [INFO] PluginManager:220 - loadIPPluginJar : add genericplugin
2025-05-22 18:23:28,896 [INFO] IPUIPlugin:80 - create IPUIPlugin
2025-05-22 18:23:28,897 [INFO] PluginManager:220 - loadIPPluginJar : add gfxmmu
2025-05-22 18:23:28,914 [INFO] IPUIPlugin:80 - create IPUIPlugin
2025-05-22 18:23:28,914 [INFO] PluginManager:220 - loadIPPluginJar : add gic
2025-05-22 18:23:28,938 [INFO] IPUIPlugin:80 - create IPUIPlugin
2025-05-22 18:23:28,938 [INFO] PluginManager:220 - loadIPPluginJar : add gpio
2025-05-22 18:23:28,950 [INFO] IPUIPlugin:80 - create IPUIPlugin
2025-05-22 18:23:28,951 [INFO] PluginManager:220 - loadIPPluginJar : add gtzc
2025-05-22 18:23:28,958 [INFO] IPUIPlugin:80 - create IPUIPlugin
2025-05-22 18:23:28,958 [INFO] PluginManager:220 - loadIPPluginJar : add hash
2025-05-22 18:23:28,967 [INFO] IPUIPlugin:80 - create IPUIPlugin
2025-05-22 18:23:28,967 [INFO] PluginManager:220 - loadIPPluginJar : add i2c
2025-05-22 18:23:28,975 [INFO] IPUIPlugin:80 - create IPUIPlugin
2025-05-22 18:23:28,975 [INFO] PluginManager:220 - loadIPPluginJar : add i2s
2025-05-22 18:23:28,982 [INFO] IPUIPlugin:80 - create IPUIPlugin
2025-05-22 18:23:28,983 [INFO] PluginManager:220 - loadIPPluginJar : add i3c
2025-05-22 18:23:28,994 [INFO] IPUIPlugin:80 - create IPUIPlugin
2025-05-22 18:23:28,994 [INFO] PluginManager:220 - loadIPPluginJar : add ipddr
2025-05-22 18:23:29,014 [INFO] IPUIPlugin:80 - create IPUIPlugin
2025-05-22 18:23:29,014 [INFO] PluginManager:220 - loadIPPluginJar : add linkedlist
2025-05-22 18:23:29,024 [INFO] IPUIPlugin:80 - create IPUIPlugin
2025-05-22 18:23:29,024 [INFO] PluginManager:220 - loadIPPluginJar : add lorawan
2025-05-22 18:23:29,032 [INFO] IPUIPlugin:80 - create IPUIPlugin
2025-05-22 18:23:29,032 [INFO] PluginManager:220 - loadIPPluginJar : add ltdc
2025-05-22 18:23:29,059 [INFO] IPUIPlugin:80 - create IPUIPlugin
2025-05-22 18:23:29,060 [INFO] PluginManager:220 - loadIPPluginJar : add mdma
2025-05-22 18:23:29,081 [INFO] IPUIPlugin:80 - create IPUIPlugin
2025-05-22 18:23:29,081 [INFO] PluginManager:220 - loadIPPluginJar : add nvic
2025-05-22 18:23:29,089 [INFO] IPUIPlugin:80 - create IPUIPlugin
2025-05-22 18:23:29,090 [INFO] PluginManager:220 - loadIPPluginJar : add opamp
2025-05-22 18:23:29,100 [INFO] IPUIPlugin:80 - create IPUIPlugin
2025-05-22 18:23:29,100 [INFO] PluginManager:220 - loadIPPluginJar : add openamp
2025-05-22 18:23:29,110 [INFO] IPUIPlugin:80 - create IPUIPlugin
2025-05-22 18:23:29,110 [INFO] PluginManager:220 - loadIPPluginJar : add pdm2pcm
2025-05-22 18:23:29,138 [INFO] IPUIPlugin:80 - create IPUIPlugin
2025-05-22 18:23:29,141 [INFO] PluginManager:220 - loadIPPluginJar : add plateformsettings
2025-05-22 18:23:29,147 [INFO] IPUIPlugin:80 - create IPUIPlugin
2025-05-22 18:23:29,148 [INFO] PluginManager:220 - loadIPPluginJar : add quadspi
2025-05-22 18:23:29,218 [INFO] IPUIPlugin:80 - create IPUIPlugin
2025-05-22 18:23:29,218 [INFO] PluginManager:220 - loadIPPluginJar : add resmgrutility
2025-05-22 18:23:29,226 [INFO] IPUIPlugin:80 - create IPUIPlugin
2025-05-22 18:23:29,226 [INFO] PluginManager:220 - loadIPPluginJar : add sai
2025-05-22 18:23:29,234 [INFO] IPUIPlugin:80 - create IPUIPlugin
2025-05-22 18:23:29,234 [INFO] PluginManager:220 - loadIPPluginJar : add spi
2025-05-22 18:23:29,246 [INFO] IPUIPlugin:80 - create IPUIPlugin
2025-05-22 18:23:29,246 [INFO] PluginManager:220 - loadIPPluginJar : add stm32_wpan
2025-05-22 18:23:29,254 [INFO] IPUIPlugin:80 - create IPUIPlugin
2025-05-22 18:23:29,254 [INFO] PluginManager:220 - loadIPPluginJar : add tim
2025-05-22 18:23:29,267 [INFO] IPUIPlugin:80 - create IPUIPlugin
2025-05-22 18:23:29,267 [INFO] PluginManager:220 - loadIPPluginJar : add touchsensing
2025-05-22 18:23:29,274 [INFO] IPUIPlugin:80 - create IPUIPlugin
2025-05-22 18:23:29,275 [INFO] PluginManager:220 - loadIPPluginJar : add tracer_emb
2025-05-22 18:23:29,283 [INFO] IPUIPlugin:80 - create IPUIPlugin
2025-05-22 18:23:29,283 [INFO] PluginManager:220 - loadIPPluginJar : add ts
2025-05-22 18:23:29,294 [INFO] IPUIPlugin:80 - create IPUIPlugin
2025-05-22 18:23:29,294 [INFO] PluginManager:220 - loadIPPluginJar : add tsc
2025-05-22 18:23:29,305 [INFO] IPUIPlugin:80 - create IPUIPlugin
2025-05-22 18:23:29,306 [INFO] PluginManager:220 - loadIPPluginJar : add ucpd
2025-05-22 18:23:29,324 [INFO] IPUIPlugin:80 - create IPUIPlugin
2025-05-22 18:23:29,324 [INFO] PluginManager:220 - loadIPPluginJar : add usart
2025-05-22 18:23:29,343 [INFO] IPUIPlugin:80 - create IPUIPlugin
2025-05-22 18:23:29,344 [INFO] PluginManager:220 - loadIPPluginJar : add usbx
2025-05-22 18:23:29,506 [INFO] CADModel:165 - CPN selected for project level
2025-05-22 18:23:29,506 [INFO] CADModel:114 - Register for checkConnection events
2025-05-22 18:23:29,507 [FATAL] Updater:308 - Updater called before beeing initialized
2025-05-22 18:23:29,507 [ERROR] CADModel:125 - Updater not yet initialized, retry later 
2025-05-22 18:23:29,685 [INFO] CADModel:165 - CPN selected for project level
2025-05-22 18:23:29,685 [INFO] CADModel:114 - Register for checkConnection events
2025-05-22 18:23:29,685 [FATAL] Updater:308 - Updater called before beeing initialized
2025-05-22 18:23:29,685 [ERROR] CADModel:125 - Updater not yet initialized, retry later 
2025-05-22 18:23:29,689 [FATAL] Updater:308 - Updater called before beeing initialized
2025-05-22 18:23:29,809 [FATAL] Updater:308 - Updater called before beeing initialized
2025-05-22 18:23:29,816 [INFO] DbMcusAds:53 - JSON generation date=Wed May 07 05:07:55 EDT 2025 (1746608875679)
2025-05-22 18:23:29,816 [FATAL] Updater:308 - Updater called before beeing initialized
2025-05-22 18:23:29,862 [WARN] DetailPanel:346 - Failed to get advertising image, set to default
2025-05-22 18:23:29,977 [FATAL] Updater:308 - Updater called before beeing initialized
2025-05-22 18:23:29,979 [FATAL] Updater:308 - Updater called before beeing initialized
2025-05-22 18:23:29,980 [FATAL] Updater:308 - Updater called before beeing initialized
2025-05-22 18:23:29,980 [WARN] DetailPanel:346 - Failed to get advertising image, set to default
2025-05-22 18:23:29,980 [FATAL] Updater:308 - Updater called before beeing initialized
2025-05-22 18:23:30,034 [ERROR] Updater:1120 - MainUpdater not yet initialized. External WinMGr cannot be set.
2025-05-22 18:23:30,038 [INFO] Updater:1056 - Updater Version found : 6.9.2
2025-05-22 18:23:30,058 [INFO] ApplicationProperties:184 - Using Application install path: C:\Program Files\ST\STM32CubeIDE_1.13.2\STM32CubeIDE\plugins\com.st.stm32cube.common.mx_6.9.2.202309101412
2025-05-22 18:23:30,210 [INFO] MainUpdater:2868 - connection check result : 10
2025-05-22 18:23:30,211 [INFO] MainUpdater:285 - Updater Check For Update Now.
2025-05-22 18:23:30,211 [INFO] MicroXplorer:498 - Change Database Version : DB.6.0.92
2025-05-22 18:23:30,222 [INFO] McuFinderGlobals:63 - Set McuFinder mode to 2 (CubeIDE integrated)
2025-05-22 18:23:30,408 [INFO] CheckServerUpdateThread:120 - End of CheckServer Thread
2025-05-22 18:23:31,274 [WARN] PackLoader:240 - Cannot read IP mode file for STMicroelectronics.FP-SNS-MOTENVWB1.1.4.0
2025-05-22 18:23:31,286 [WARN] PackLoader:240 - Cannot read IP mode file for STMicroelectronics.FP-ATR-ASTRA1.2.0.2
2025-05-22 18:23:31,299 [WARN] PackLoader:240 - Cannot read IP mode file for STMicroelectronics.X-CUBE-SMBUS.2.1.0
2025-05-22 18:23:31,360 [WARN] PackLoader:240 - Cannot read IP mode file for STMicroelectronics.X-CUBE-AZRTOS-F7.1.1.0
2025-05-22 18:23:31,386 [WARN] PackLoader:240 - Cannot read IP mode file for STMicroelectronics.FP-SNS-MOTENV1.4.3.2
2025-05-22 18:23:31,485 [WARN] PackLoader:240 - Cannot read IP mode file for STMicroelectronics.X-CUBE-MEMS1.11.0.0
2025-05-22 18:23:31,639 [WARN] PackLoader:240 - Cannot read IP mode file for STMicroelectronics.FP-SNS-FLIGHT1.5.0.2
2025-05-22 18:23:31,653 [WARN] PackLoader:240 - Cannot read IP mode file for STMicroelectronics.X-CUBE-DISPLAY.3.0.0
2025-05-22 18:23:31,665 [WARN] PackLoader:240 - Cannot read IP mode file for STMicroelectronics.X-CUBE-BLE1.7.0.0
2025-05-22 18:23:31,676 [WARN] PackLoader:240 - Cannot read IP mode file for STMicroelectronics.X-CUBE-NFC10.1.0.0
2025-05-22 18:23:31,687 [ERROR] Engine:466 - C:\Users\Bowen\.stm32cubemx\thirdparties\pdsc\STMicroelectronics.X-CUBE-BLEMGR.4.0.0.pdsc: PDSC version is not supported
2025-05-22 18:23:31,695 [WARN] PackLoader:240 - Cannot read IP mode file for emotas.I-CUBE-CANOPEN.1.3.0
2025-05-22 18:23:31,705 [WARN] PackLoader:240 - Cannot read IP mode file for STMicroelectronics.X-CUBE-TOUCHGFX.4.22.1
2025-05-22 18:23:31,711 [ERROR] Engine:466 - C:\Users\Bowen\.stm32cubemx\thirdparties\pdsc\quantropi.X-CUBE-qispace-sdk-base.2.0.0.pdsc: PDSC version is not supported
2025-05-22 18:23:31,723 [WARN] PackLoader:240 - Cannot read IP mode file for STMicroelectronics.X-CUBE-BLEMGR.3.1.0
2025-05-22 18:23:31,733 [WARN] PackLoader:240 - Cannot read IP mode file for STMicroelectronics.X-CUBE-AI.10.0.0
2025-05-22 18:23:31,741 [WARN] PackLoader:240 - Cannot read IP mode file for STMicroelectronics.FP-SNS-SMARTAG2.1.2.0
2025-05-22 18:23:31,753 [ERROR] Engine:466 - C:\Users\Bowen\.stm32cubemx\thirdparties\pdsc\STMicroelectronics.FP-SNS-FLIGHT1.5.1.0.pdsc: PDSC version is not supported
2025-05-22 18:23:31,774 [INFO] LogOutputStream:77 - [STDOUT_REDIRECT] 1 : Invalid condition id : UX_CORESTACK_Condition cause : null
2025-05-22 18:23:31,774 [INFO] LogOutputStream:77 - [STDOUT_REDIRECT] 1 : Invalid condition id : UX_CORESTACK_Condition cause : null
2025-05-22 18:23:31,776 [INFO] LogOutputStream:77 - [STDOUT_REDIRECT] 1 : Invalid condition id : UX_CORESTACK_Condition cause : null
2025-05-22 18:23:31,777 [INFO] LogOutputStream:77 - [STDOUT_REDIRECT] 1 : Invalid condition id : UX_CORESTACK_Condition cause : null
2025-05-22 18:23:31,778 [INFO] LogOutputStream:77 - [STDOUT_REDIRECT] 1 : Invalid condition id : UX_CORESTACK_Condition cause : null
2025-05-22 18:23:31,781 [WARN] PackLoader:240 - Cannot read IP mode file for STMicroelectronics.X-CUBE-AZRTOS-WL.2.0.0
2025-05-22 18:23:31,791 [WARN] PackLoader:240 - Cannot read IP mode file for STMicroelectronics.FP-SNS-MOTENV1.5.0.0
2025-05-22 18:23:31,801 [WARN] PackLoader:240 - Cannot read IP mode file for wolfSSL.I-CUBE-wolfMQTT.1.19.0
2025-05-22 18:23:31,844 [WARN] PackLoader:240 - Cannot read IP mode file for WES.I-CUBE-Cesium.1.3.0
2025-05-22 18:23:31,852 [WARN] PackLoader:240 - Cannot read IP mode file for STMicroelectronics.X-CUBE-BLE2.3.3.0
2025-05-22 18:23:31,862 [WARN] PackLoader:240 - Cannot read IP mode file for STMicroelectronics.X-CUBE-NFC9.1.0.0
2025-05-22 18:23:31,872 [WARN] PackLoader:240 - Cannot read IP mode file for STMicroelectronics.X-CUBE-BLE1.7.1.0
2025-05-22 18:23:31,882 [WARN] PackLoader:240 - Cannot read IP mode file for STMicroelectronics.X-CUBE-TCPP.4.1.0
2025-05-22 18:23:31,894 [WARN] PackLoader:240 - Cannot read IP mode file for STMicroelectronics.X-CUBE-ALGOBUILD.1.3.0
2025-05-22 18:23:31,943 [WARN] PackLoader:240 - Cannot read IP mode file for STMicroelectronics.X-CUBE-MEMS1.11.2.0
2025-05-22 18:23:32,047 [WARN] PackLoader:240 - Cannot read IP mode file for STMicroelectronics.X-CUBE-AZRTOS-G0.1.1.0
2025-05-22 18:23:32,058 [WARN] PackLoader:240 - Cannot read IP mode file for STMicroelectronics.X-CUBE-SAFEA1.1.2.2
2025-05-22 18:23:32,072 [WARN] PackLoader:240 - Cannot read IP mode file for STMicroelectronics.X-CUBE-NFC4.3.0.0
2025-05-22 18:23:32,078 [ERROR] Engine:466 - C:\Users\Bowen\.stm32cubemx\thirdparties\pdsc\EmbeddedOffice.I-CUBE-FS-RTOS.1.0.1.pdsc: PDSC version is not supported
2025-05-22 18:23:32,088 [WARN] PackLoader:240 - Cannot read IP mode file for STMicroelectronics.X-CUBE-WB05N.2.0.0
2025-05-22 18:23:32,094 [ERROR] Engine:466 - C:\Users\Bowen\.stm32cubemx\thirdparties\pdsc\STMicroelectronics.X-CUBE-TCPP.4.2.0.pdsc: PDSC version is not supported
2025-05-22 18:23:32,099 [ERROR] Engine:466 - C:\Users\Bowen\.stm32cubemx\thirdparties\pdsc\RealThread.X-CUBE-RT-Thread_Nano.4.1.1.pdsc: PDSC version is not supported
2025-05-22 18:23:32,106 [WARN] PackLoader:240 - Cannot read IP mode file for STMicroelectronics.FP-ATR-SIGFOX1.3.2.0
2025-05-22 18:23:32,116 [WARN] PackLoader:240 - Cannot read IP mode file for STMicroelectronics.X-CUBE-EEPRMA1.5.1.0
2025-05-22 18:23:32,144 [WARN] PackLoader:240 - Cannot read IP mode file for SEGGER.I-CUBE-embOS.1.3.1
2025-05-22 18:23:32,182 [WARN] PackLoader:240 - Cannot read IP mode file for STMicroelectronics.X-CUBE-ALGOBUILD.1.4.0
2025-05-22 18:23:32,190 [WARN] PackLoader:240 - Cannot read IP mode file for STMicroelectronics.X-CUBE-GNSS1.6.0.0
2025-05-22 18:23:32,208 [WARN] PackLoader:240 - Cannot read IP mode file for STMicroelectronics.X-CUBE-AZRTOS-F4.1.1.0
2025-05-22 18:23:32,216 [WARN] PackLoader:240 - Cannot read IP mode file for wolfSSL.I-CUBE-wolfSSL.5.6.3
2025-05-22 18:23:32,221 [ERROR] Engine:466 - C:\Users\Bowen\.stm32cubemx\thirdparties\pdsc\Avnet-IotConnect.X-CUBE-IoTC-DA16k-PMOD.1.0.0.pdsc: PDSC version is not supported
2025-05-22 18:23:32,228 [WARN] PackLoader:240 - Cannot read IP mode file for STMicroelectronics.X-CUBE-ISPU.2.1.0
2025-05-22 18:23:32,237 [WARN] PackLoader:240 - Cannot read IP mode file for STMicroelectronics.X-CUBE-FREERTOS.1.2.0
2025-05-22 18:23:32,262 [WARN] PackLoader:240 - Cannot read IP mode file for STMicroelectronics.X-CUBE-AZRTOS-L5.2.0.0
2025-05-22 18:23:32,270 [WARN] PackLoader:240 - Cannot read IP mode file for STMicroelectronics.X-CUBE-EEPRMA1.4.2.0
2025-05-22 18:23:32,281 [WARN] PackLoader:240 - Cannot read IP mode file for STMicroelectronics.X-CUBE-NFC6.3.1.0
2025-05-22 18:23:32,292 [WARN] PackLoader:240 - Cannot read IP mode file for ITTIA_DB.I-CUBE-ITTIADB.8.8.0
2025-05-22 18:23:32,302 [WARN] PackLoader:240 - Cannot read IP mode file for STMicroelectronics.X-CUBE-BLEMGR.2.0.0
2025-05-22 18:23:32,309 [ERROR] Engine:466 - C:\Users\Bowen\.stm32cubemx\thirdparties\pdsc\STMicroelectronics.X-CUBE-DPower.1.2.0.pdsc: PDSC version is not supported
2025-05-22 18:23:32,314 [WARN] PackLoader:240 - Cannot read IP mode file for STMicroelectronics.X-CUBE-AI.9.0.0
2025-05-22 18:23:32,337 [WARN] ConditionMgr:438 - getConditionDescription Invalid condition id : UX DEVICE CLASS RTOS Condition cause : null
2025-05-22 18:23:32,338 [WARN] ConditionMgr:438 - getConditionDescription Invalid condition id : UX DEVICE CLASS RTOS Condition cause : null
2025-05-22 18:23:32,341 [WARN] PackLoader:240 - Cannot read IP mode file for STMicroelectronics.X-CUBE-AZRTOS-H7.3.1.0
2025-05-22 18:23:32,341 [WARN] ConditionMgr:1039 - genDependencies : Invalid condition id : UX DEVICE CLASS RTOS Condition cause : null
2025-05-22 18:23:32,341 [WARN] ConditionMgr:1039 - genDependencies : Invalid condition id : UX DEVICE CLASS RTOS Condition cause : null
2025-05-22 18:23:32,342 [WARN] ConditionMgr:1039 - genDependencies : Invalid condition id : UX DEVICE CLASS RTOS Condition cause : null
2025-05-22 18:23:32,342 [WARN] ConditionMgr:1039 - genDependencies : Invalid condition id : UX DEVICE CLASS RTOS Condition cause : null
2025-05-22 18:23:32,342 [WARN] ConditionMgr:1039 - genDependencies : Invalid condition id : UX DEVICE CLASS RTOS Condition cause : null
2025-05-22 18:23:32,351 [WARN] PackLoader:240 - Cannot read IP mode file for STMicroelectronics.X-CUBE-FREERTOS.1.3.1
2025-05-22 18:23:32,360 [WARN] PackLoader:240 - Cannot read IP mode file for STMicroelectronics.X-CUBE-NFC7.1.0.1
2025-05-22 18:23:32,367 [WARN] PackLoader:240 - Cannot read IP mode file for wolfSSL.I-CUBE-wolfTPM.3.2.0
2025-05-22 18:23:32,375 [WARN] PackLoader:240 - Cannot read IP mode file for STMicroelectronics.X-CUBE-NFC6.3.0.0
2025-05-22 18:23:32,383 [ERROR] Engine:466 - C:\Users\Bowen\.stm32cubemx\thirdparties\pdsc\STMicroelectronics.X-CUBE-DPower.1.3.0.pdsc: PDSC version is not supported
2025-05-22 18:23:32,390 [WARN] PackLoader:240 - Cannot read IP mode file for STMicroelectronics.X-CUBE-AI.8.1.0
2025-05-22 18:23:32,412 [WARN] ConditionMgr:438 - getConditionDescription Invalid condition id : LAN8742 Phy interface Condition cause : null
2025-05-22 18:23:32,412 [WARN] PackLoader:240 - Cannot read IP mode file for STMicroelectronics.X-CUBE-AZRTOS-L4.2.0.0
2025-05-22 18:23:32,413 [WARN] ConditionMgr:1039 - genDependencies : Invalid condition id : LAN8742 Phy interface Condition cause : null
2025-05-22 18:23:32,413 [WARN] ConditionMgr:1039 - genDependencies : Invalid condition id : LAN8742 Phy interface Condition cause : null
2025-05-22 18:23:32,414 [WARN] ConditionMgr:1039 - genDependencies : Invalid condition id : LAN8742 Phy interface Condition cause : null
2025-05-22 18:23:32,426 [WARN] PackLoader:240 - Cannot read IP mode file for STMicroelectronics.X-CUBE-SFXS2LP1.4.0.0
2025-05-22 18:23:32,433 [WARN] PackLoader:240 - Cannot read IP mode file for STMicroelectronics.X-CUBE-ISPU.1.1.0
2025-05-22 18:23:32,462 [WARN] PackLoader:240 - Cannot read IP mode file for STMicroelectronics.X-CUBE-AZRTOS-H7.3.3.0
2025-05-22 18:23:32,481 [WARN] ConditionMgr:438 - getConditionDescription Invalid condition id : UX DEVICE CLASS RTOS Condition cause : null
2025-05-22 18:23:32,481 [WARN] ConditionMgr:438 - getConditionDescription Invalid condition id : UX DEVICE CLASS RTOS Condition cause : null
2025-05-22 18:23:32,483 [WARN] PackLoader:240 - Cannot read IP mode file for STMicroelectronics.X-CUBE-AZRTOS-WB.2.0.0
2025-05-22 18:23:32,483 [WARN] ConditionMgr:1039 - genDependencies : Invalid condition id : UX DEVICE CLASS RTOS Condition cause : null
2025-05-22 18:23:32,483 [WARN] ConditionMgr:1039 - genDependencies : Invalid condition id : UX DEVICE CLASS RTOS Condition cause : null
2025-05-22 18:23:32,484 [WARN] ConditionMgr:1039 - genDependencies : Invalid condition id : UX DEVICE CLASS RTOS Condition cause : null
2025-05-22 18:23:32,484 [WARN] ConditionMgr:1039 - genDependencies : Invalid condition id : UX DEVICE CLASS RTOS Condition cause : null
2025-05-22 18:23:32,485 [WARN] ConditionMgr:1039 - genDependencies : Invalid condition id : UX DEVICE CLASS RTOS Condition cause : null
2025-05-22 18:23:32,493 [WARN] PackLoader:240 - Cannot read IP mode file for STMicroelectronics.X-CUBE-GNSS1.7.0.1
2025-05-22 18:23:32,500 [WARN] PackLoader:240 - Cannot read IP mode file for STMicroelectronics.X-CUBE-TOUCHGFX.4.25.0
2025-05-22 18:23:32,506 [ERROR] Engine:466 - C:\Users\Bowen\.stm32cubemx\thirdparties\pdsc\STMicroelectronics.FP-SNS-STBOX1.2.0.0.pdsc: PDSC version is not supported
2025-05-22 18:23:32,520 [WARN] PackLoader:240 - Cannot read IP mode file for STMicroelectronics.X-CUBE-SUBG2.5.0.0
2025-05-22 18:23:32,549 [WARN] PackLoader:240 - Cannot read IP mode file for STMicroelectronics.X-CUBE-AZRTOS-H7RS.1.1.0
2025-05-22 18:23:32,559 [WARN] PackLoader:240 - Cannot read IP mode file for Cesanta.I-CUBE-Mongoose.7.13.0
2025-05-22 18:23:32,575 [WARN] PackLoader:240 - Cannot read IP mode file for STMicroelectronics.X-CUBE-TOF1.3.3.1
2025-05-22 18:23:32,596 [WARN] PackLoader:240 - Cannot read IP mode file for STMicroelectronics.X-CUBE-AZRTOS-G4.2.0.0
2025-05-22 18:23:32,617 [WARN] PackLoader:240 - Cannot read IP mode file for Infineon.AIROC-Wi-Fi-Bluetooth-STM32.1.5.1
2025-05-22 18:23:32,625 [WARN] PackLoader:240 - Cannot read IP mode file for STMicroelectronics.X-CUBE-NFC7.2.0.0
2025-05-22 18:23:32,632 [WARN] PackLoader:240 - Cannot read IP mode file for STMicroelectronics.X-CUBE-ISPU.2.0.0
2025-05-22 18:23:32,641 [ERROR] Engine:466 - C:\Users\Bowen\.stm32cubemx\thirdparties\pdsc\STMicroelectronics.X-CUBE-IPS.3.1.0.pdsc: PDSC version is not supported
2025-05-22 18:23:32,648 [WARN] PackLoader:240 - Cannot read IP mode file for STMicroelectronics.X-CUBE-ALS.1.0.2
2025-05-22 18:23:32,686 [WARN] PackLoader:240 - Cannot read IP mode file for STMicroelectronics.X-CUBE-MEMS1.10.0.0
2025-05-22 18:23:32,780 [WARN] PackLoader:240 - Cannot read IP mode file for STMicroelectronics.X-CUBE-FREERTOS.1.1.0
2025-05-22 18:23:32,787 [WARN] PackLoader:240 - Cannot read IP mode file for STMicroelectronics.X-CUBE-TOUCHGFX.4.24.0
2025-05-22 18:23:32,796 [WARN] PackLoader:240 - Cannot read IP mode file for portGmbH.I-Cube-SoM-uGOAL.1.1.0
2025-05-22 18:23:32,802 [WARN] PackLoader:240 - Cannot read IP mode file for STMicroelectronics.X-CUBE-ALS.1.0.1
2025-05-22 18:23:32,824 [WARN] PackLoader:240 - Cannot read IP mode file for STMicroelectronics.X-CUBE-AZRTOS-H7RS.1.0.0
2025-05-22 18:23:32,830 [WARN] PackLoader:240 - Cannot read IP mode file for STMicroelectronics.FP-ATR-ASTRA1.2.0.0
2025-05-22 18:23:32,840 [ERROR] Engine:466 - C:\Users\Bowen\.stm32cubemx\thirdparties\pdsc\STMicroelectronics.X-CUBE-TOF1.3.4.2.pdsc: PDSC version is not supported
2025-05-22 18:23:32,849 [ERROR] Engine:466 - C:\Users\Bowen\.stm32cubemx\thirdparties\pdsc\STMicroelectronics.X-CUBE-TOF1.3.4.3.pdsc: PDSC version is not supported
2025-05-22 18:23:32,869 [WARN] PackLoader:240 - Cannot read IP mode file for STMicroelectronics.X-CUBE-AZRTOS-H7.3.2.0
2025-05-22 18:23:32,876 [WARN] PackLoader:240 - Cannot read IP mode file for wolfSSL.I-CUBE-wolfSSH.1.4.17
2025-05-22 18:23:32,877 [INFO] ThirdParty:978 - Integrity check success = true
2025-05-22 18:23:32,877 [INFO] IntegrityCheckThread:100 - exiting critical section [integrity check]
2025-05-22 18:23:32,877 [INFO] IntegrityCheckThread:103 - End integrity checks thread
